[debug] [2025-11-19T17:18:31.324Z] ----------------------------------------------------------------------
[debug] [2025-11-19T17:18:31.327Z] Command:       /nix/store/ws50yvm6vzlzf7jzz6n7xh4szddrack1-nodejs-20.19.1/bin/node /nix/store/f77kilzcw5hh2gidh22k6pj8cp7pxp7h-firebase-tools-14.22.0/lib/node_modules/firebase-tools/lib/bin/firebase.js serve
[debug] [2025-11-19T17:18:31.327Z] CLI Version:   14.22.0
[debug] [2025-11-19T17:18:31.328Z] Platform:      linux
[debug] [2025-11-19T17:18:31.328Z] Node Version:  v20.19.1
[debug] [2025-11-19T17:18:31.328Z] Time:          Wed Nov 19 2025 17:18:31 GMT+0000 (Coordinated Universal Time)
[debug] [2025-11-19T17:18:31.328Z] ----------------------------------------------------------------------
[debug] 
[debug] [2025-11-19T17:18:31.856Z] No OAuth tokens found
[debug] [2025-11-19T17:18:31.857Z] No OAuth tokens found
[error] Failed to fetch Firebase Project from current Studio Workspace: Unable to refresh auth: not yet authenticated.
[debug] [2025-11-19T17:18:31.867Z] > command requires scopes: ["email","openid","https://www.googleapis.com/auth/cloudplatformprojects.readonly","https://www.googleapis.com/auth/firebase","https://www.googleapis.com/auth/cloud-platform","https://www.googleapis.com/auth/userinfo.email"]
[debug] [2025-11-19T17:18:31.867Z] > authorizing via signed-in user (acsasilveira.ti@gmail.com)
[debug] [2025-11-19T17:18:31.868Z] [iam] checking project dra-gabriela-fisio for permissions ["firebase.projects.get"]
[debug] [2025-11-19T17:18:31.869Z] No OAuth tokens found
[debug] [2025-11-19T17:18:31.869Z] No OAuth tokens found
[debug] [2025-11-19T17:18:31.869Z] > command requires scopes: ["email","openid","https://www.googleapis.com/auth/cloudplatformprojects.readonly","https://www.googleapis.com/auth/firebase","https://www.googleapis.com/auth/cloud-platform","https://www.googleapis.com/auth/userinfo.email"]
[debug] [2025-11-19T17:18:31.869Z] > authorizing via signed-in user (acsasilveira.ti@gmail.com)
[debug] [2025-11-19T17:18:31.871Z] >>> [apiv2][query] POST https://cloudresourcemanager.googleapis.com/v1/projects/dra-gabriela-fisio:testIamPermissions [none]
[debug] [2025-11-19T17:18:31.872Z] >>> [apiv2][(partial)header] POST https://cloudresourcemanager.googleapis.com/v1/projects/dra-gabriela-fisio:testIamPermissions x-goog-quota-user=projects/dra-gabriela-fisio
[debug] [2025-11-19T17:18:31.872Z] >>> [apiv2][body] POST https://cloudresourcemanager.googleapis.com/v1/projects/dra-gabriela-fisio:testIamPermissions {"permissions":["firebase.projects.get"]}
[debug] [2025-11-19T17:18:32.075Z] <<< [apiv2][status] POST https://cloudresourcemanager.googleapis.com/v1/projects/dra-gabriela-fisio:testIamPermissions 200
[debug] [2025-11-19T17:18:32.075Z] <<< [apiv2][body] POST https://cloudresourcemanager.googleapis.com/v1/projects/dra-gabriela-fisio:testIamPermissions {"permissions":["firebase.projects.get"]}
[debug] [2025-11-19T17:18:32.077Z] No OAuth tokens found
[debug] [2025-11-19T17:18:32.078Z] No OAuth tokens found
[debug] [2025-11-19T17:18:32.078Z] > command requires scopes: ["email","openid","https://www.googleapis.com/auth/cloudplatformprojects.readonly","https://www.googleapis.com/auth/firebase","https://www.googleapis.com/auth/cloud-platform","https://www.googleapis.com/auth/userinfo.email"]
[debug] [2025-11-19T17:18:32.081Z] > authorizing via signed-in user (acsasilveira.ti@gmail.com)
[debug] [2025-11-19T17:18:32.081Z] >>> [apiv2][query] GET https://cloudresourcemanager.googleapis.com/v1/projects/dra-gabriela-fisio [none]
[debug] [2025-11-19T17:18:32.144Z] <<< [apiv2][status] GET https://cloudresourcemanager.googleapis.com/v1/projects/dra-gabriela-fisio 200
[debug] [2025-11-19T17:18:32.149Z] <<< [apiv2][body] GET https://cloudresourcemanager.googleapis.com/v1/projects/dra-gabriela-fisio {"projectNumber":"310192884196","projectId":"dra-gabriela-fisio","lifecycleState":"ACTIVE","name":"Dra Gabriela Fisio","labels":{"firebase":"enabled","firebase-core":"disabled"},"createTime":"2025-11-18T17:04:26.932832Z"}
[info] 
[info] === Serving from '/home/user/fisioterapia_domiciliar'...
[info] 
[debug] [2025-11-19T17:18:32.179Z] No OAuth tokens found
[debug] [2025-11-19T17:18:32.182Z] No OAuth tokens found
[debug] [2025-11-19T17:18:32.183Z] > command requires scopes: ["email","openid","https://www.googleapis.com/auth/cloudplatformprojects.readonly","https://www.googleapis.com/auth/firebase","https://www.googleapis.com/auth/cloud-platform","https://www.googleapis.com/auth/userinfo.email"]
[debug] [2025-11-19T17:18:32.183Z] > authorizing via signed-in user (acsasilveira.ti@gmail.com)
[debug] [2025-11-19T17:18:32.194Z] >>> [apiv2][query] GET https://firebasehosting.googleapis.com/v1beta1/projects/dra-gabriela-fisio/sites 
[debug] [2025-11-19T17:18:32.449Z] <<< [apiv2][status] GET https://firebasehosting.googleapis.com/v1beta1/projects/dra-gabriela-fisio/sites 200
[debug] [2025-11-19T17:18:32.451Z] <<< [apiv2][body] GET https://firebasehosting.googleapis.com/v1beta1/projects/dra-gabriela-fisio/sites {"sites":[{"name":"projects/dra-gabriela-fisio/sites/dra-gabriela-fisio","defaultUrl":"https://dra-gabriela-fisio.web.app","type":"DEFAULT_SITE"}]}
[debug] [2025-11-19T17:18:32.459Z] No OAuth tokens found
[debug] [2025-11-19T17:18:32.463Z] No OAuth tokens found
[debug] [2025-11-19T17:18:32.466Z] > command requires scopes: ["email","openid","https://www.googleapis.com/auth/cloudplatformprojects.readonly","https://www.googleapis.com/auth/firebase","https://www.googleapis.com/auth/cloud-platform","https://www.googleapis.com/auth/userinfo.email"]
[debug] [2025-11-19T17:18:32.466Z] > authorizing via signed-in user (acsasilveira.ti@gmail.com)
[debug] [2025-11-19T17:18:32.468Z] >>> [apiv2][query] GET https://firebase.googleapis.com/v1beta1/projects/dra-gabriela-fisio/webApps/-/config [none]
[debug] [2025-11-19T17:18:32.905Z] <<< [apiv2][status] GET https://firebase.googleapis.com/v1beta1/projects/dra-gabriela-fisio/webApps/-/config 200
[debug] [2025-11-19T17:18:32.906Z] <<< [apiv2][body] GET https://firebase.googleapis.com/v1beta1/projects/dra-gabriela-fisio/webApps/-/config {"projectId":"dra-gabriela-fisio","appId":"1:310192884196:web:27b11b2550342ed2115ff1","storageBucket":"dra-gabriela-fisio.firebasestorage.app","apiKey":"AIzaSyDrfuIWyDI4OrKPwOfA5Oxm0yAY9nNjLOc","authDomain":"dra-gabriela-fisio.firebaseapp.com","messagingSenderId":"310192884196","measurementId":"G-TQ69G0M1M9","projectNumber":"310192884196","version":"2"}
[debug] [2025-11-19T17:18:32.935Z] No OAuth tokens found
[debug] [2025-11-19T17:18:32.937Z] No OAuth tokens found
[debug] [2025-11-19T17:18:32.937Z] > command requires scopes: ["email","openid","https://www.googleapis.com/auth/cloudplatformprojects.readonly","https://www.googleapis.com/auth/firebase","https://www.googleapis.com/auth/cloud-platform","https://www.googleapis.com/auth/userinfo.email"]
[debug] [2025-11-19T17:18:32.938Z] > authorizing via signed-in user (acsasilveira.ti@gmail.com)
[debug] [2025-11-19T17:18:32.939Z] >>> [apiv2][query] GET https://firebase.googleapis.com/v1beta1/projects/dra-gabriela-fisio [none]
[debug] [2025-11-19T17:18:33.199Z] <<< [apiv2][status] GET https://firebase.googleapis.com/v1beta1/projects/dra-gabriela-fisio 200
[debug] [2025-11-19T17:18:33.199Z] <<< [apiv2][body] GET https://firebase.googleapis.com/v1beta1/projects/dra-gabriela-fisio {"projectId":"dra-gabriela-fisio","projectNumber":"310192884196","displayName":"Dra Gabriela Fisio","name":"projects/dra-gabriela-fisio","resources":{"hostingSite":"dra-gabriela-fisio"},"state":"ACTIVE","etag":"1_66065189-f5d0-453c-adcd-cdddea977a54"}
[info] i  hosting[dra-gabriela-fisio]: Serving hosting files from: public {"metadata":{"emulator":{"name":"hosting"},"message":"Serving hosting files from: public"}}
[info] ✔  hosting[dra-gabriela-fisio]: Local server: http://localhost:5000 {"metadata":{"emulator":{"name":"hosting"},"message":"Local server: http://localhost:5000"}}
[warn] ⚠  functions: Application Default Credentials detected. Non-emulated services will access production using these credentials. Be careful! {"metadata":{"emulator":{"name":"functions"},"message":"Application Default Credentials detected. Non-emulated services will access production using these credentials. Be careful!"}}
[debug] [2025-11-19T17:18:37.708Z] No OAuth tokens found
[debug] [2025-11-19T17:18:37.708Z] No OAuth tokens found
[debug] [2025-11-19T17:18:37.708Z] > command requires scopes: ["email","openid","https://www.googleapis.com/auth/cloudplatformprojects.readonly","https://www.googleapis.com/auth/firebase","https://www.googleapis.com/auth/cloud-platform","https://www.googleapis.com/auth/userinfo.email"]
[debug] [2025-11-19T17:18:37.709Z] > authorizing via signed-in user (acsasilveira.ti@gmail.com)
[debug] [2025-11-19T17:18:37.709Z] >>> [apiv2][query] GET https://firebase.googleapis.com/v1beta1/projects/dra-gabriela-fisio/adminSdkConfig [none]
[debug] [2025-11-19T17:18:37.946Z] <<< [apiv2][status] GET https://firebase.googleapis.com/v1beta1/projects/dra-gabriela-fisio/adminSdkConfig 200
[debug] [2025-11-19T17:18:37.955Z] <<< [apiv2][body] GET https://firebase.googleapis.com/v1beta1/projects/dra-gabriela-fisio/adminSdkConfig {"projectId":"dra-gabriela-fisio","storageBucket":"dra-gabriela-fisio.firebasestorage.app"}
[info] i  functions: Watching "/home/user/fisioterapia_domiciliar/functions" for Cloud Functions... {"metadata":{"emulator":{"name":"functions"},"message":"Watching \"/home/user/fisioterapia_domiciliar/functions\" for Cloud Functions..."}}
[debug] [2025-11-19T17:18:38.059Z] Validating nodejs source
[warn] ⚠  functions: package.json indicates an outdated version of firebase-functions. Please upgrade using npm install --save firebase-functions@latest in your functions directory. 
[warn] ⚠  functions: Please note that there will be breaking changes when you upgrade. 
[debug] [2025-11-19T17:18:39.337Z] > [functions] package.json contents: {
  "name": "functions",
  "description": "Cloud Functions for Firebase",
  "scripts": {
    "lint": "eslint .",
    "serve": "firebase emulators:start --only functions",
    "shell": "firebase functions:shell",
    "start": "npm run shell",
    "deploy": "firebase deploy --only functions",
    "logs": "firebase functions:log"
  },
  "engines": {
    "node": "22"
  },
  "main": "index.js",
  "dependencies": {
    "firebase-admin": "^12.6.0",
    "firebase-functions": "^6.0.1"
  },
  "devDependencies": {
    "eslint": "^8.15.0",
    "eslint-config-google": "^0.14.0",
    "firebase-functions-test": "^3.1.0"
  },
  "private": true
}
[debug] [2025-11-19T17:18:39.338Z] Building nodejs source
[debug] [2025-11-19T17:18:39.339Z] Failed to find version of module node: reached end of search path /home/user/fisioterapia_domiciliar/functions/node_modules
[warn] ⚠  functions: Your requested "node" version "22" doesn't match your global version "20". Using node@20 from host. 
[debug] [2025-11-19T17:18:39.343Z] Could not find functions.yaml. Must use http discovery
[debug] [2025-11-19T17:18:39.356Z] Found firebase-functions binary at '/home/user/fisioterapia_domiciliar/functions/node_modules/.bin/firebase-functions'
[info] Serving at port 8141

[debug] [2025-11-19T17:18:40.186Z] Got response from /__/functions.yaml {"endpoints":{},"specVersion":"v1alpha1","requiredAPIs":[],"extensions":{}}
[info] ✔  functions: Loaded functions definitions from source: . {"metadata":{"emulator":{"name":"functions"},"message":"Loaded functions definitions from source: ."}}
[info] i  hosting: 127.0.0.1 - - [19/Nov/2025:17:25:54 +0000] "GET / HTTP/1.1" 200 - "https://studio.firebase.google.com/" "Mozilla/5.0 (Windows NT 10.0; Win64; x64) AppleWebKit/537.36 (KHTML, like Gecko) Chrome/142.0.0.0 Safari/537.36" {"metadata":{"emulator":{"name":"hosting"},"message":"127.0.0.1 - - [19/Nov/2025:17:25:54 +0000] \"GET / HTTP/1.1\" 200 - \"https://studio.firebase.google.com/\" \"Mozilla/5.0 (Windows NT 10.0; Win64; x64) AppleWebKit/537.36 (KHTML, like Gecko) Chrome/142.0.0.0 Safari/537.36\""}}
[debug] [2025-11-19T17:25:54.225Z] Functions emulator received unknown request at path /
[debug] [2025-11-19T17:27:00.317Z] ----------------------------------------------------------------------
[debug] [2025-11-19T17:27:00.322Z] Command:       /nix/store/ws50yvm6vzlzf7jzz6n7xh4szddrack1-nodejs-20.19.1/bin/node /nix/store/f77kilzcw5hh2gidh22k6pj8cp7pxp7h-firebase-tools-14.22.0/lib/node_modules/firebase-tools/lib/bin/firebase.js serve
[debug] [2025-11-19T17:27:00.324Z] CLI Version:   14.22.0
[debug] [2025-11-19T17:27:00.325Z] Platform:      linux
[debug] [2025-11-19T17:27:00.326Z] Node Version:  v20.19.1
[debug] [2025-11-19T17:27:00.326Z] Time:          Wed Nov 19 2025 17:27:00 GMT+0000 (Coordinated Universal Time)
[debug] [2025-11-19T17:27:00.327Z] ----------------------------------------------------------------------
[debug] 
[debug] [2025-11-19T17:27:01.010Z] No OAuth tokens found
[debug] [2025-11-19T17:27:01.011Z] No OAuth tokens found
[error] Failed to fetch Firebase Project from current Studio Workspace: Unable to refresh auth: not yet authenticated.
[debug] [2025-11-19T17:27:01.017Z] > command requires scopes: ["email","openid","https://www.googleapis.com/auth/cloudplatformprojects.readonly","https://www.googleapis.com/auth/firebase","https://www.googleapis.com/auth/cloud-platform","https://www.googleapis.com/auth/userinfo.email"]
[debug] [2025-11-19T17:27:01.018Z] > authorizing via signed-in user (acsasilveira.ti@gmail.com)
[debug] [2025-11-19T17:27:01.018Z] [iam] checking project dra-gabriela-fisio for permissions ["firebase.projects.get"]
[debug] [2025-11-19T17:27:01.019Z] No OAuth tokens found
[debug] [2025-11-19T17:27:01.019Z] No OAuth tokens found
[debug] [2025-11-19T17:27:01.020Z] > command requires scopes: ["email","openid","https://www.googleapis.com/auth/cloudplatformprojects.readonly","https://www.googleapis.com/auth/firebase","https://www.googleapis.com/auth/cloud-platform","https://www.googleapis.com/auth/userinfo.email"]
[debug] [2025-11-19T17:27:01.020Z] > authorizing via signed-in user (acsasilveira.ti@gmail.com)
[debug] [2025-11-19T17:27:01.022Z] >>> [apiv2][query] POST https://cloudresourcemanager.googleapis.com/v1/projects/dra-gabriela-fisio:testIamPermissions [none]
[debug] [2025-11-19T17:27:01.022Z] >>> [apiv2][(partial)header] POST https://cloudresourcemanager.googleapis.com/v1/projects/dra-gabriela-fisio:testIamPermissions x-goog-quota-user=projects/dra-gabriela-fisio
[debug] [2025-11-19T17:27:01.022Z] >>> [apiv2][body] POST https://cloudresourcemanager.googleapis.com/v1/projects/dra-gabriela-fisio:testIamPermissions {"permissions":["firebase.projects.get"]}
[debug] [2025-11-19T17:27:01.197Z] <<< [apiv2][status] POST https://cloudresourcemanager.googleapis.com/v1/projects/dra-gabriela-fisio:testIamPermissions 200
[debug] [2025-11-19T17:27:01.198Z] <<< [apiv2][body] POST https://cloudresourcemanager.googleapis.com/v1/projects/dra-gabriela-fisio:testIamPermissions {"permissions":["firebase.projects.get"]}
[debug] [2025-11-19T17:27:01.204Z] No OAuth tokens found
[debug] [2025-11-19T17:27:01.204Z] No OAuth tokens found
[debug] [2025-11-19T17:27:01.205Z] > command requires scopes: ["email","openid","https://www.googleapis.com/auth/cloudplatformprojects.readonly","https://www.googleapis.com/auth/firebase","https://www.googleapis.com/auth/cloud-platform","https://www.googleapis.com/auth/userinfo.email"]
[debug] [2025-11-19T17:27:01.206Z] > authorizing via signed-in user (acsasilveira.ti@gmail.com)
[debug] [2025-11-19T17:27:01.206Z] >>> [apiv2][query] GET https://cloudresourcemanager.googleapis.com/v1/projects/dra-gabriela-fisio [none]
[debug] [2025-11-19T17:27:01.270Z] <<< [apiv2][status] GET https://cloudresourcemanager.googleapis.com/v1/projects/dra-gabriela-fisio 200
[debug] [2025-11-19T17:27:01.270Z] <<< [apiv2][body] GET https://cloudresourcemanager.googleapis.com/v1/projects/dra-gabriela-fisio {"projectNumber":"310192884196","projectId":"dra-gabriela-fisio","lifecycleState":"ACTIVE","name":"Dra Gabriela Fisio","labels":{"firebase":"enabled","firebase-core":"disabled"},"createTime":"2025-11-18T17:04:26.932832Z"}
[info] 
[info] === Serving from '/home/user/fisioterapia_domiciliar'...
[info] 
[debug] [2025-11-19T17:27:01.295Z] No OAuth tokens found
[debug] [2025-11-19T17:27:01.295Z] No OAuth tokens found
[debug] [2025-11-19T17:27:01.295Z] > command requires scopes: ["email","openid","https://www.googleapis.com/auth/cloudplatformprojects.readonly","https://www.googleapis.com/auth/firebase","https://www.googleapis.com/auth/cloud-platform","https://www.googleapis.com/auth/userinfo.email"]
[debug] [2025-11-19T17:27:01.295Z] > authorizing via signed-in user (acsasilveira.ti@gmail.com)
[debug] [2025-11-19T17:27:01.301Z] >>> [apiv2][query] GET https://firebasehosting.googleapis.com/v1beta1/projects/dra-gabriela-fisio/sites 
[debug] [2025-11-19T17:27:01.572Z] <<< [apiv2][status] GET https://firebasehosting.googleapis.com/v1beta1/projects/dra-gabriela-fisio/sites 200
[debug] [2025-11-19T17:27:01.572Z] <<< [apiv2][body] GET https://firebasehosting.googleapis.com/v1beta1/projects/dra-gabriela-fisio/sites {"sites":[{"name":"projects/dra-gabriela-fisio/sites/dra-gabriela-fisio","defaultUrl":"https://dra-gabriela-fisio.web.app","type":"DEFAULT_SITE"}]}
[debug] [2025-11-19T17:27:01.573Z] No OAuth tokens found
[debug] [2025-11-19T17:27:01.573Z] No OAuth tokens found
[debug] [2025-11-19T17:27:01.575Z] > command requires scopes: ["email","openid","https://www.googleapis.com/auth/cloudplatformprojects.readonly","https://www.googleapis.com/auth/firebase","https://www.googleapis.com/auth/cloud-platform","https://www.googleapis.com/auth/userinfo.email"]
[debug] [2025-11-19T17:27:01.575Z] > authorizing via signed-in user (acsasilveira.ti@gmail.com)
[debug] [2025-11-19T17:27:01.575Z] >>> [apiv2][query] GET https://firebase.googleapis.com/v1beta1/projects/dra-gabriela-fisio/webApps/-/config [none]
[debug] [2025-11-19T17:27:01.993Z] <<< [apiv2][status] GET https://firebase.googleapis.com/v1beta1/projects/dra-gabriela-fisio/webApps/-/config 200
[debug] [2025-11-19T17:27:01.994Z] <<< [apiv2][body] GET https://firebase.googleapis.com/v1beta1/projects/dra-gabriela-fisio/webApps/-/config {"projectId":"dra-gabriela-fisio","appId":"1:310192884196:web:27b11b2550342ed2115ff1","storageBucket":"dra-gabriela-fisio.firebasestorage.app","apiKey":"AIzaSyDrfuIWyDI4OrKPwOfA5Oxm0yAY9nNjLOc","authDomain":"dra-gabriela-fisio.firebaseapp.com","messagingSenderId":"310192884196","measurementId":"G-TQ69G0M1M9","projectNumber":"310192884196","version":"2"}
[debug] [2025-11-19T17:27:02.016Z] No OAuth tokens found
[debug] [2025-11-19T17:27:02.017Z] No OAuth tokens found
[debug] [2025-11-19T17:27:02.017Z] > command requires scopes: ["email","openid","https://www.googleapis.com/auth/cloudplatformprojects.readonly","https://www.googleapis.com/auth/firebase","https://www.googleapis.com/auth/cloud-platform","https://www.googleapis.com/auth/userinfo.email"]
[debug] [2025-11-19T17:27:02.017Z] > authorizing via signed-in user (acsasilveira.ti@gmail.com)
[debug] [2025-11-19T17:27:02.018Z] >>> [apiv2][query] GET https://firebase.googleapis.com/v1beta1/projects/dra-gabriela-fisio [none]
[debug] [2025-11-19T17:27:02.180Z] <<< [apiv2][status] GET https://firebase.googleapis.com/v1beta1/projects/dra-gabriela-fisio 200
[debug] [2025-11-19T17:27:02.180Z] <<< [apiv2][body] GET https://firebase.googleapis.com/v1beta1/projects/dra-gabriela-fisio {"projectId":"dra-gabriela-fisio","projectNumber":"310192884196","displayName":"Dra Gabriela Fisio","name":"projects/dra-gabriela-fisio","resources":{"hostingSite":"dra-gabriela-fisio"},"state":"ACTIVE","etag":"1_66065189-f5d0-453c-adcd-cdddea977a54"}
[info] i  hosting[dra-gabriela-fisio]: Serving hosting files from: public {"metadata":{"emulator":{"name":"hosting"},"message":"Serving hosting files from: \u001b[1mpublic\u001b[22m"}}
[info] ✔  hosting[dra-gabriela-fisio]: Local server: http://localhost:5002 {"metadata":{"emulator":{"name":"hosting"},"message":"Local server: \u001b[4m\u001b[1mhttp://localhost:5002\u001b[22m\u001b[24m"}}
[info] i  hosting: 127.0.0.1 - - [19/Nov/2025:17:27:05 +0000] "GET / HTTP/1.1" 404 - "https://studio.firebase.google.com/" "Mozilla/5.0 (X11; Linux x86_64) AppleWebKit/537.36 (KHTML, like Gecko) Chrome/139.0.0.0 Safari/537.36" {"metadata":{"emulator":{"name":"hosting"},"message":"127.0.0.1 - - [19/Nov/2025:17:27:05 +0000] \"GET / HTTP/1.1\" 404 - \"https://studio.firebase.google.com/\" \"Mozilla/5.0 (X11; Linux x86_64) AppleWebKit/537.36 (KHTML, like Gecko) Chrome/139.0.0.0 Safari/537.36\""}}
[info] i  hosting: 127.0.0.1 - - [19/Nov/2025:17:27:05 +0000] "GET / HTTP/1.1" 404 - "https://studio.firebase.google.com/" "Mozilla/5.0 (Windows NT 10.0; Win64; x64) AppleWebKit/537.36 (KHTML, like Gecko) Chrome/142.0.0.0 Safari/537.36" {"metadata":{"emulator":{"name":"hosting"},"message":"127.0.0.1 - - [19/Nov/2025:17:27:05 +0000] \"GET / HTTP/1.1\" 404 - \"https://studio.firebase.google.com/\" \"Mozilla/5.0 (Windows NT 10.0; Win64; x64) AppleWebKit/537.36 (KHTML, like Gecko) Chrome/142.0.0.0 Safari/537.36\""}}
[warn] ⚠  functions: Application Default Credentials detected. Non-emulated services will access production using these credentials. Be careful! {"metadata":{"emulator":{"name":"functions"},"message":"Application Default Credentials detected. Non-emulated services will access production using these credentials. Be careful!"}}
[debug] [2025-11-19T17:27:09.985Z] No OAuth tokens found
[debug] [2025-11-19T17:27:09.986Z] No OAuth tokens found
[debug] [2025-11-19T17:27:09.986Z] > command requires scopes: ["email","openid","https://www.googleapis.com/auth/cloudplatformprojects.readonly","https://www.googleapis.com/auth/firebase","https://www.googleapis.com/auth/cloud-platform","https://www.googleapis.com/auth/userinfo.email"]
[debug] [2025-11-19T17:27:09.986Z] > authorizing via signed-in user (acsasilveira.ti@gmail.com)
[debug] [2025-11-19T17:27:09.992Z] >>> [apiv2][query] GET https://firebase.googleapis.com/v1beta1/projects/dra-gabriela-fisio/adminSdkConfig [none]
[debug] [2025-11-19T17:27:10.228Z] <<< [apiv2][status] GET https://firebase.googleapis.com/v1beta1/projects/dra-gabriela-fisio/adminSdkConfig 200
[debug] [2025-11-19T17:27:10.228Z] <<< [apiv2][body] GET https://firebase.googleapis.com/v1beta1/projects/dra-gabriela-fisio/adminSdkConfig {"projectId":"dra-gabriela-fisio","storageBucket":"dra-gabriela-fisio.firebasestorage.app"}
[debug] [2025-11-19T17:27:10.268Z] Error: listen EADDRINUSE: address already in use 127.0.0.1:5001
    at Server.setupListenHandle [as _listen2] (node:net:1908:16)
    at listenInCluster (node:net:1965:12)
    at GetAddrInfoReqWrap.doListen [as callback] (node:net:2139:7)
    at GetAddrInfoReqWrap.onlookup [as oncomplete] (node:dns:111:8)
[error] 
[error] Error: An unexpected error has occurred.
[info] i  functions: Watching "/home/user/fisioterapia_domiciliar/functions" for Cloud Functions... {"metadata":{"emulator":{"name":"functions"},"message":"Watching \"/home/user/fisioterapia_domiciliar/functions\" for Cloud Functions..."}}
[debug] [2025-11-19T17:28:12.279Z] File /home/user/fisioterapia_domiciliar/functions/package.json changed, reloading triggers {"metadata":{"emulator":{"name":"functions"},"message":"File /home/user/fisioterapia_domiciliar/functions/package.json changed, reloading triggers"}}
[debug] [2025-11-19T17:28:12.983Z] File /home/user/fisioterapia_domiciliar/functions/package-lock.json changed, reloading triggers {"metadata":{"emulator":{"name":"functions"},"message":"File /home/user/fisioterapia_domiciliar/functions/package-lock.json changed, reloading triggers"}}
[debug] [2025-11-19T17:28:13.984Z] Validating nodejs source
[warn] ⚠  functions: package.json indicates an outdated version of firebase-functions. Please upgrade using npm install --save firebase-functions@latest in your functions directory. 
[warn] ⚠  functions: Please note that there will be breaking changes when you upgrade. 
[debug] [2025-11-19T17:28:15.431Z] > [functions] package.json contents: {
  "name": "functions",
  "description": "Cloud Functions for Firebase",
  "scripts": {
    "lint": "eslint .",
    "serve": "firebase emulators:start --only functions",
    "shell": "firebase functions:shell",
    "start": "npm run shell",
    "deploy": "firebase deploy --only functions",
    "logs": "firebase functions:log"
  },
  "engines": {
    "node": "22"
  },
  "main": "index.js",
  "dependencies": {
    "firebase-admin": "^13.6.0",
    "firebase-functions": "^7.0.0"
  },
  "devDependencies": {
    "eslint": "^8.15.0",
    "eslint-config-google": "^0.14.0",
    "firebase-functions-test": "^3.1.0"
  },
  "private": true
}
[debug] [2025-11-19T17:28:15.431Z] Building nodejs source
[debug] [2025-11-19T17:28:15.432Z] Failed to find version of module node: reached end of search path /home/user/fisioterapia_domiciliar/functions/node_modules
[warn] ⚠  functions: Your requested "node" version "22" doesn't match your global version "20". Using node@20 from host. 
[debug] [2025-11-19T17:28:15.436Z] Could not find functions.yaml. Must use http discovery
[debug] [2025-11-19T17:28:15.439Z] Found firebase-functions binary at '/home/user/fisioterapia_domiciliar/functions/node_modules/.bin/firebase-functions'
[info] Serving at port 8657

[debug] [2025-11-19T17:28:16.651Z] Got response from /__/functions.yaml {"endpoints":{},"specVersion":"v1alpha1","requiredAPIs":[],"extensions":{}}
[info] ✔  functions: Loaded functions definitions from source: . {"metadata":{"emulator":{"name":"functions"},"message":"Loaded functions definitions from source: ."}}
[debug] [2025-11-19T17:28:30.742Z] ----------------------------------------------------------------------
[debug] [2025-11-19T17:28:30.746Z] Command:       /nix/store/ws50yvm6vzlzf7jzz6n7xh4szddrack1-nodejs-20.19.1/bin/node /nix/store/f77kilzcw5hh2gidh22k6pj8cp7pxp7h-firebase-tools-14.22.0/lib/node_modules/firebase-tools/lib/bin/firebase.js serve
[debug] [2025-11-19T17:28:30.747Z] CLI Version:   14.22.0
[debug] [2025-11-19T17:28:30.748Z] Platform:      linux
[debug] [2025-11-19T17:28:30.748Z] Node Version:  v20.19.1
[debug] [2025-11-19T17:28:30.748Z] Time:          Wed Nov 19 2025 17:28:30 GMT+0000 (Coordinated Universal Time)
[debug] [2025-11-19T17:28:30.748Z] ----------------------------------------------------------------------
[debug] 
[debug] [2025-11-19T17:28:31.294Z] No OAuth tokens found
[debug] [2025-11-19T17:28:31.295Z] No OAuth tokens found
[error] Failed to fetch Firebase Project from current Studio Workspace: Unable to refresh auth: not yet authenticated.
[debug] [2025-11-19T17:28:31.301Z] > command requires scopes: ["email","openid","https://www.googleapis.com/auth/cloudplatformprojects.readonly","https://www.googleapis.com/auth/firebase","https://www.googleapis.com/auth/cloud-platform","https://www.googleapis.com/auth/userinfo.email"]
[debug] [2025-11-19T17:28:31.301Z] > authorizing via signed-in user (acsasilveira.ti@gmail.com)
[debug] [2025-11-19T17:28:31.301Z] [iam] checking project dra-gabriela-fisio for permissions ["firebase.projects.get"]
[debug] [2025-11-19T17:28:31.302Z] No OAuth tokens found
[debug] [2025-11-19T17:28:31.302Z] No OAuth tokens found
[debug] [2025-11-19T17:28:31.302Z] > command requires scopes: ["email","openid","https://www.googleapis.com/auth/cloudplatformprojects.readonly","https://www.googleapis.com/auth/firebase","https://www.googleapis.com/auth/cloud-platform","https://www.googleapis.com/auth/userinfo.email"]
[debug] [2025-11-19T17:28:31.303Z] > authorizing via signed-in user (acsasilveira.ti@gmail.com)
[debug] [2025-11-19T17:28:31.304Z] >>> [apiv2][query] POST https://cloudresourcemanager.googleapis.com/v1/projects/dra-gabriela-fisio:testIamPermissions [none]
[debug] [2025-11-19T17:28:31.304Z] >>> [apiv2][(partial)header] POST https://cloudresourcemanager.googleapis.com/v1/projects/dra-gabriela-fisio:testIamPermissions x-goog-quota-user=projects/dra-gabriela-fisio
[debug] [2025-11-19T17:28:31.304Z] >>> [apiv2][body] POST https://cloudresourcemanager.googleapis.com/v1/projects/dra-gabriela-fisio:testIamPermissions {"permissions":["firebase.projects.get"]}
[debug] [2025-11-19T17:28:31.503Z] <<< [apiv2][status] POST https://cloudresourcemanager.googleapis.com/v1/projects/dra-gabriela-fisio:testIamPermissions 200
[debug] [2025-11-19T17:28:31.503Z] <<< [apiv2][body] POST https://cloudresourcemanager.googleapis.com/v1/projects/dra-gabriela-fisio:testIamPermissions {"permissions":["firebase.projects.get"]}
[debug] [2025-11-19T17:28:31.505Z] No OAuth tokens found
[debug] [2025-11-19T17:28:31.505Z] No OAuth tokens found
[debug] [2025-11-19T17:28:31.506Z] > command requires scopes: ["email","openid","https://www.googleapis.com/auth/cloudplatformprojects.readonly","https://www.googleapis.com/auth/firebase","https://www.googleapis.com/auth/cloud-platform","https://www.googleapis.com/auth/userinfo.email"]
[debug] [2025-11-19T17:28:31.506Z] > authorizing via signed-in user (acsasilveira.ti@gmail.com)
[debug] [2025-11-19T17:28:31.506Z] >>> [apiv2][query] GET https://cloudresourcemanager.googleapis.com/v1/projects/dra-gabriela-fisio [none]
[debug] [2025-11-19T17:28:31.574Z] <<< [apiv2][status] GET https://cloudresourcemanager.googleapis.com/v1/projects/dra-gabriela-fisio 200
[debug] [2025-11-19T17:28:31.575Z] <<< [apiv2][body] GET https://cloudresourcemanager.googleapis.com/v1/projects/dra-gabriela-fisio {"projectNumber":"310192884196","projectId":"dra-gabriela-fisio","lifecycleState":"ACTIVE","name":"Dra Gabriela Fisio","labels":{"firebase":"enabled","firebase-core":"disabled"},"createTime":"2025-11-18T17:04:26.932832Z"}
[info] 
[info] === Serving from '/home/user/fisioterapia_domiciliar'...
[info] 
[debug] [2025-11-19T17:28:31.579Z] No OAuth tokens found
[debug] [2025-11-19T17:28:31.579Z] No OAuth tokens found
[debug] [2025-11-19T17:28:31.579Z] > command requires scopes: ["email","openid","https://www.googleapis.com/auth/cloudplatformprojects.readonly","https://www.googleapis.com/auth/firebase","https://www.googleapis.com/auth/cloud-platform","https://www.googleapis.com/auth/userinfo.email"]
[debug] [2025-11-19T17:28:31.579Z] > authorizing via signed-in user (acsasilveira.ti@gmail.com)
[debug] [2025-11-19T17:28:31.593Z] >>> [apiv2][query] GET https://firebasehosting.googleapis.com/v1beta1/projects/dra-gabriela-fisio/sites 
[debug] [2025-11-19T17:28:31.793Z] <<< [apiv2][status] GET https://firebasehosting.googleapis.com/v1beta1/projects/dra-gabriela-fisio/sites 200
[debug] [2025-11-19T17:28:31.800Z] <<< [apiv2][body] GET https://firebasehosting.googleapis.com/v1beta1/projects/dra-gabriela-fisio/sites {"sites":[{"name":"projects/dra-gabriela-fisio/sites/dra-gabriela-fisio","defaultUrl":"https://dra-gabriela-fisio.web.app","type":"DEFAULT_SITE"}]}
[debug] [2025-11-19T17:28:31.801Z] No OAuth tokens found
[debug] [2025-11-19T17:28:31.801Z] No OAuth tokens found
[debug] [2025-11-19T17:28:31.801Z] > command requires scopes: ["email","openid","https://www.googleapis.com/auth/cloudplatformprojects.readonly","https://www.googleapis.com/auth/firebase","https://www.googleapis.com/auth/cloud-platform","https://www.googleapis.com/auth/userinfo.email"]
[debug] [2025-11-19T17:28:31.801Z] > authorizing via signed-in user (acsasilveira.ti@gmail.com)
[debug] [2025-11-19T17:28:31.805Z] >>> [apiv2][query] GET https://firebase.googleapis.com/v1beta1/projects/dra-gabriela-fisio/webApps/-/config [none]
[debug] [2025-11-19T17:28:32.060Z] <<< [apiv2][status] GET https://firebase.googleapis.com/v1beta1/projects/dra-gabriela-fisio/webApps/-/config 200
[debug] [2025-11-19T17:28:32.063Z] <<< [apiv2][body] GET https://firebase.googleapis.com/v1beta1/projects/dra-gabriela-fisio/webApps/-/config {"projectId":"dra-gabriela-fisio","appId":"1:310192884196:web:27b11b2550342ed2115ff1","storageBucket":"dra-gabriela-fisio.firebasestorage.app","apiKey":"AIzaSyDrfuIWyDI4OrKPwOfA5Oxm0yAY9nNjLOc","authDomain":"dra-gabriela-fisio.firebaseapp.com","messagingSenderId":"310192884196","measurementId":"G-TQ69G0M1M9","projectNumber":"310192884196","version":"2"}
[debug] [2025-11-19T17:28:32.090Z] No OAuth tokens found
[debug] [2025-11-19T17:28:32.091Z] No OAuth tokens found
[debug] [2025-11-19T17:28:32.091Z] > command requires scopes: ["email","openid","https://www.googleapis.com/auth/cloudplatformprojects.readonly","https://www.googleapis.com/auth/firebase","https://www.googleapis.com/auth/cloud-platform","https://www.googleapis.com/auth/userinfo.email"]
[debug] [2025-11-19T17:28:32.091Z] > authorizing via signed-in user (acsasilveira.ti@gmail.com)
[debug] [2025-11-19T17:28:32.093Z] >>> [apiv2][query] GET https://firebase.googleapis.com/v1beta1/projects/dra-gabriela-fisio [none]
[debug] [2025-11-19T17:28:32.323Z] <<< [apiv2][status] GET https://firebase.googleapis.com/v1beta1/projects/dra-gabriela-fisio 200
[debug] [2025-11-19T17:28:32.325Z] <<< [apiv2][body] GET https://firebase.googleapis.com/v1beta1/projects/dra-gabriela-fisio {"projectId":"dra-gabriela-fisio","projectNumber":"310192884196","displayName":"Dra Gabriela Fisio","name":"projects/dra-gabriela-fisio","resources":{"hostingSite":"dra-gabriela-fisio"},"state":"ACTIVE","etag":"1_66065189-f5d0-453c-adcd-cdddea977a54"}
[info] i  hosting[dra-gabriela-fisio]: Serving hosting files from: public {"metadata":{"emulator":{"name":"hosting"},"message":"Serving hosting files from: \u001b[1mpublic\u001b[22m"}}
[info] ✔  hosting[dra-gabriela-fisio]: Local server: http://localhost:5002 {"metadata":{"emulator":{"name":"hosting"},"message":"Local server: \u001b[4m\u001b[1mhttp://localhost:5002\u001b[22m\u001b[24m"}}
[warn] ⚠  functions: Application Default Credentials detected. Non-emulated services will access production using these credentials. Be careful! {"metadata":{"emulator":{"name":"functions"},"message":"Application Default Credentials detected. Non-emulated services will access production using these credentials. Be careful!"}}
[debug] [2025-11-19T17:28:37.677Z] No OAuth tokens found
[debug] [2025-11-19T17:28:37.680Z] No OAuth tokens found
[debug] [2025-11-19T17:28:37.680Z] > command requires scopes: ["email","openid","https://www.googleapis.com/auth/cloudplatformprojects.readonly","https://www.googleapis.com/auth/firebase","https://www.googleapis.com/auth/cloud-platform","https://www.googleapis.com/auth/userinfo.email"]
[debug] [2025-11-19T17:28:37.681Z] > authorizing via signed-in user (acsasilveira.ti@gmail.com)
[debug] [2025-11-19T17:28:37.681Z] >>> [apiv2][query] GET https://firebase.googleapis.com/v1beta1/projects/dra-gabriela-fisio/adminSdkConfig [none]
[debug] [2025-11-19T17:28:37.943Z] <<< [apiv2][status] GET https://firebase.googleapis.com/v1beta1/projects/dra-gabriela-fisio/adminSdkConfig 200
[debug] [2025-11-19T17:28:37.947Z] <<< [apiv2][body] GET https://firebase.googleapis.com/v1beta1/projects/dra-gabriela-fisio/adminSdkConfig {"projectId":"dra-gabriela-fisio","storageBucket":"dra-gabriela-fisio.firebasestorage.app"}
[debug] [2025-11-19T17:28:37.980Z] Error: listen EADDRINUSE: address already in use 127.0.0.1:5001
    at Server.setupListenHandle [as _listen2] (node:net:1908:16)
    at listenInCluster (node:net:1965:12)
    at GetAddrInfoReqWrap.doListen [as callback] (node:net:2139:7)
    at GetAddrInfoReqWrap.onlookup [as oncomplete] (node:dns:111:8)
[error] 
[error] Error: An unexpected error has occurred.
[info] i  functions: Watching "/home/user/fisioterapia_domiciliar/functions" for Cloud Functions... {"metadata":{"emulator":{"name":"functions"},"message":"Watching \"/home/user/fisioterapia_domiciliar/functions\" for Cloud Functions..."}}
[debug] [2025-11-19T17:37:38.822Z] File /home/user/fisioterapia_domiciliar/functions/package.json changed, reloading triggers {"metadata":{"emulator":{"name":"functions"},"message":"File /home/user/fisioterapia_domiciliar/functions/package.json changed, reloading triggers"}}
[debug] [2025-11-19T17:37:39.825Z] Validating nodejs source
[warn] ⚠  functions: package.json indicates an outdated version of firebase-functions. Please upgrade using npm install --save firebase-functions@latest in your functions directory. 
[warn] ⚠  functions: Please note that there will be breaking changes when you upgrade. 
[debug] [2025-11-19T17:37:41.136Z] > [functions] package.json contents: {
  "name": "functions",
  "description": "Cloud Functions for Firebase",
  "scripts": {
    "lint": "eslint .",
    "serve": "firebase emulators:start --only functions",
    "shell": "firebase functions:shell",
    "start": "npm run shell",
    "deploy": "firebase deploy --only functions",
    "logs": "firebase functions:log"
  },
  "engines": {
    "node": "20"
  },
  "main": "index.js",
  "dependencies": {
    "firebase-admin": "^13.6.0",
    "firebase-functions": "^7.0.0"
  },
  "devDependencies": {
    "eslint": "^8.15.0",
    "eslint-config-google": "^0.14.0",
    "firebase-functions-test": "^3.1.0"
  },
  "private": true
}
[debug] [2025-11-19T17:37:41.136Z] Building nodejs source
[debug] [2025-11-19T17:37:41.136Z] Failed to find version of module node: reached end of search path /home/user/fisioterapia_domiciliar/functions/node_modules
[warn] ⚠  functions: Your requested "node" version "22" doesn't match your global version "20". Using node@20 from host. 
[debug] [2025-11-19T17:37:41.138Z] Could not find functions.yaml. Must use http discovery
[debug] [2025-11-19T17:37:41.141Z] Found firebase-functions binary at '/home/user/fisioterapia_domiciliar/functions/node_modules/.bin/firebase-functions'
[info] Serving at port 8391

[debug] [2025-11-19T17:37:43.150Z] Got response from /__/functions.yaml {"endpoints":{},"specVersion":"v1alpha1","requiredAPIs":[],"extensions":{}}
[info] ✔  functions: Loaded functions definitions from source: . {"metadata":{"emulator":{"name":"functions"},"message":"Loaded functions definitions from source: ."}}
[debug] [2025-11-19T17:40:20.631Z] ----------------------------------------------------------------------
[debug] [2025-11-19T17:40:20.634Z] Command:       /nix/store/ws50yvm6vzlzf7jzz6n7xh4szddrack1-nodejs-20.19.1/bin/node /nix/store/f77kilzcw5hh2gidh22k6pj8cp7pxp7h-firebase-tools-14.22.0/lib/node_modules/firebase-tools/lib/bin/firebase.js serve
[debug] [2025-11-19T17:40:20.635Z] CLI Version:   14.22.0
[debug] [2025-11-19T17:40:20.635Z] Platform:      linux
[debug] [2025-11-19T17:40:20.636Z] Node Version:  v20.19.1
[debug] [2025-11-19T17:40:20.636Z] Time:          Wed Nov 19 2025 17:40:20 GMT+0000 (Coordinated Universal Time)
[debug] [2025-11-19T17:40:20.636Z] ----------------------------------------------------------------------
[debug] 
[debug] [2025-11-19T17:40:21.127Z] No OAuth tokens found
[debug] [2025-11-19T17:40:21.127Z] No OAuth tokens found
[error] Failed to fetch Firebase Project from current Studio Workspace: Unable to refresh auth: not yet authenticated.
[debug] [2025-11-19T17:40:21.133Z] > command requires scopes: ["email","openid","https://www.googleapis.com/auth/cloudplatformprojects.readonly","https://www.googleapis.com/auth/firebase","https://www.googleapis.com/auth/cloud-platform","https://www.googleapis.com/auth/userinfo.email"]
[debug] [2025-11-19T17:40:21.133Z] > authorizing via signed-in user (acsasilveira.ti@gmail.com)
[debug] [2025-11-19T17:40:21.133Z] [iam] checking project dra-gabriela-fisio for permissions ["firebase.projects.get"]
[debug] [2025-11-19T17:40:21.134Z] No OAuth tokens found
[debug] [2025-11-19T17:40:21.134Z] No OAuth tokens found
[debug] [2025-11-19T17:40:21.135Z] > command requires scopes: ["email","openid","https://www.googleapis.com/auth/cloudplatformprojects.readonly","https://www.googleapis.com/auth/firebase","https://www.googleapis.com/auth/cloud-platform","https://www.googleapis.com/auth/userinfo.email"]
[debug] [2025-11-19T17:40:21.135Z] > authorizing via signed-in user (acsasilveira.ti@gmail.com)
[debug] [2025-11-19T17:40:21.136Z] >>> [apiv2][query] POST https://cloudresourcemanager.googleapis.com/v1/projects/dra-gabriela-fisio:testIamPermissions [none]
[debug] [2025-11-19T17:40:21.137Z] >>> [apiv2][(partial)header] POST https://cloudresourcemanager.googleapis.com/v1/projects/dra-gabriela-fisio:testIamPermissions x-goog-quota-user=projects/dra-gabriela-fisio
[debug] [2025-11-19T17:40:21.137Z] >>> [apiv2][body] POST https://cloudresourcemanager.googleapis.com/v1/projects/dra-gabriela-fisio:testIamPermissions {"permissions":["firebase.projects.get"]}
[debug] [2025-11-19T17:40:21.310Z] <<< [apiv2][status] POST https://cloudresourcemanager.googleapis.com/v1/projects/dra-gabriela-fisio:testIamPermissions 200
[debug] [2025-11-19T17:40:21.314Z] <<< [apiv2][body] POST https://cloudresourcemanager.googleapis.com/v1/projects/dra-gabriela-fisio:testIamPermissions {"permissions":["firebase.projects.get"]}
[debug] [2025-11-19T17:40:21.315Z] No OAuth tokens found
[debug] [2025-11-19T17:40:21.321Z] No OAuth tokens found
[debug] [2025-11-19T17:40:21.321Z] > command requires scopes: ["email","openid","https://www.googleapis.com/auth/cloudplatformprojects.readonly","https://www.googleapis.com/auth/firebase","https://www.googleapis.com/auth/cloud-platform","https://www.googleapis.com/auth/userinfo.email"]
[debug] [2025-11-19T17:40:21.322Z] > authorizing via signed-in user (acsasilveira.ti@gmail.com)
[debug] [2025-11-19T17:40:21.322Z] >>> [apiv2][query] GET https://cloudresourcemanager.googleapis.com/v1/projects/dra-gabriela-fisio [none]
[debug] [2025-11-19T17:40:21.383Z] <<< [apiv2][status] GET https://cloudresourcemanager.googleapis.com/v1/projects/dra-gabriela-fisio 200
[debug] [2025-11-19T17:40:21.383Z] <<< [apiv2][body] GET https://cloudresourcemanager.googleapis.com/v1/projects/dra-gabriela-fisio {"projectNumber":"310192884196","projectId":"dra-gabriela-fisio","lifecycleState":"ACTIVE","name":"Dra Gabriela Fisio","labels":{"firebase":"enabled","firebase-core":"disabled"},"createTime":"2025-11-18T17:04:26.932832Z"}
[info] 
[info] === Serving from '/home/user/fisioterapia_domiciliar'...
[info] 
[debug] [2025-11-19T17:40:21.393Z] No OAuth tokens found
[debug] [2025-11-19T17:40:21.393Z] No OAuth tokens found
[debug] [2025-11-19T17:40:21.393Z] > command requires scopes: ["email","openid","https://www.googleapis.com/auth/cloudplatformprojects.readonly","https://www.googleapis.com/auth/firebase","https://www.googleapis.com/auth/cloud-platform","https://www.googleapis.com/auth/userinfo.email"]
[debug] [2025-11-19T17:40:21.393Z] > authorizing via signed-in user (acsasilveira.ti@gmail.com)
[debug] [2025-11-19T17:40:21.402Z] >>> [apiv2][query] GET https://firebasehosting.googleapis.com/v1beta1/projects/dra-gabriela-fisio/sites 
[debug] [2025-11-19T17:40:21.606Z] <<< [apiv2][status] GET https://firebasehosting.googleapis.com/v1beta1/projects/dra-gabriela-fisio/sites 200
[debug] [2025-11-19T17:40:21.608Z] <<< [apiv2][body] GET https://firebasehosting.googleapis.com/v1beta1/projects/dra-gabriela-fisio/sites {"sites":[{"name":"projects/dra-gabriela-fisio/sites/dra-gabriela-fisio","defaultUrl":"https://dra-gabriela-fisio.web.app","type":"DEFAULT_SITE"}]}
[debug] [2025-11-19T17:40:21.614Z] No OAuth tokens found
[debug] [2025-11-19T17:40:21.615Z] No OAuth tokens found
[debug] [2025-11-19T17:40:21.616Z] > command requires scopes: ["email","openid","https://www.googleapis.com/auth/cloudplatformprojects.readonly","https://www.googleapis.com/auth/firebase","https://www.googleapis.com/auth/cloud-platform","https://www.googleapis.com/auth/userinfo.email"]
[debug] [2025-11-19T17:40:21.616Z] > authorizing via signed-in user (acsasilveira.ti@gmail.com)
[debug] [2025-11-19T17:40:21.616Z] >>> [apiv2][query] GET https://firebase.googleapis.com/v1beta1/projects/dra-gabriela-fisio/webApps/-/config [none]
[debug] [2025-11-19T17:40:30.367Z] ----------------------------------------------------------------------
[debug] [2025-11-19T17:40:30.371Z] Command:       /nix/store/ws50yvm6vzlzf7jzz6n7xh4szddrack1-nodejs-20.19.1/bin/node /nix/store/f77kilzcw5hh2gidh22k6pj8cp7pxp7h-firebase-tools-14.22.0/lib/node_modules/firebase-tools/lib/bin/firebase.js serve
[debug] [2025-11-19T17:40:30.372Z] CLI Version:   14.22.0
[debug] [2025-11-19T17:40:30.372Z] Platform:      linux
[debug] [2025-11-19T17:40:30.372Z] Node Version:  v20.19.1
[debug] [2025-11-19T17:40:30.373Z] Time:          Wed Nov 19 2025 17:40:30 GMT+0000 (Coordinated Universal Time)
[debug] [2025-11-19T17:40:30.373Z] ----------------------------------------------------------------------
[debug] 
[debug] [2025-11-19T17:40:31.133Z] No OAuth tokens found
[debug] [2025-11-19T17:40:31.134Z] No OAuth tokens found
[error] Failed to fetch Firebase Project from current Studio Workspace: Unable to refresh auth: not yet authenticated.
[debug] [2025-11-19T17:40:31.142Z] > command requires scopes: ["email","openid","https://www.googleapis.com/auth/cloudplatformprojects.readonly","https://www.googleapis.com/auth/firebase","https://www.googleapis.com/auth/cloud-platform","https://www.googleapis.com/auth/userinfo.email"]
[debug] [2025-11-19T17:40:31.143Z] > authorizing via signed-in user (acsasilveira.ti@gmail.com)
[debug] [2025-11-19T17:40:31.143Z] [iam] checking project dra-gabriela-fisio for permissions ["firebase.projects.get"]
[debug] [2025-11-19T17:40:31.144Z] No OAuth tokens found
[debug] [2025-11-19T17:40:31.144Z] No OAuth tokens found
[debug] [2025-11-19T17:40:31.144Z] > command requires scopes: ["email","openid","https://www.googleapis.com/auth/cloudplatformprojects.readonly","https://www.googleapis.com/auth/firebase","https://www.googleapis.com/auth/cloud-platform","https://www.googleapis.com/auth/userinfo.email"]
[debug] [2025-11-19T17:40:31.144Z] > authorizing via signed-in user (acsasilveira.ti@gmail.com)
[debug] [2025-11-19T17:40:31.150Z] >>> [apiv2][query] POST https://cloudresourcemanager.googleapis.com/v1/projects/dra-gabriela-fisio:testIamPermissions [none]
[debug] [2025-11-19T17:40:31.151Z] >>> [apiv2][(partial)header] POST https://cloudresourcemanager.googleapis.com/v1/projects/dra-gabriela-fisio:testIamPermissions x-goog-quota-user=projects/dra-gabriela-fisio
[debug] [2025-11-19T17:40:31.151Z] >>> [apiv2][body] POST https://cloudresourcemanager.googleapis.com/v1/projects/dra-gabriela-fisio:testIamPermissions {"permissions":["firebase.projects.get"]}
[debug] [2025-11-19T17:40:31.353Z] <<< [apiv2][status] POST https://cloudresourcemanager.googleapis.com/v1/projects/dra-gabriela-fisio:testIamPermissions 200
[debug] [2025-11-19T17:40:31.358Z] <<< [apiv2][body] POST https://cloudresourcemanager.googleapis.com/v1/projects/dra-gabriela-fisio:testIamPermissions {"permissions":["firebase.projects.get"]}
[debug] [2025-11-19T17:40:31.362Z] No OAuth tokens found
[debug] [2025-11-19T17:40:31.362Z] No OAuth tokens found
[debug] [2025-11-19T17:40:31.362Z] > command requires scopes: ["email","openid","https://www.googleapis.com/auth/cloudplatformprojects.readonly","https://www.googleapis.com/auth/firebase","https://www.googleapis.com/auth/cloud-platform","https://www.googleapis.com/auth/userinfo.email"]
[debug] [2025-11-19T17:40:31.362Z] > authorizing via signed-in user (acsasilveira.ti@gmail.com)
[debug] [2025-11-19T17:40:31.365Z] >>> [apiv2][query] GET https://cloudresourcemanager.googleapis.com/v1/projects/dra-gabriela-fisio [none]
[debug] [2025-11-19T17:40:31.415Z] <<< [apiv2][status] GET https://cloudresourcemanager.googleapis.com/v1/projects/dra-gabriela-fisio 200
[debug] [2025-11-19T17:40:31.420Z] <<< [apiv2][body] GET https://cloudresourcemanager.googleapis.com/v1/projects/dra-gabriela-fisio {"projectNumber":"310192884196","projectId":"dra-gabriela-fisio","lifecycleState":"ACTIVE","name":"Dra Gabriela Fisio","labels":{"firebase":"enabled","firebase-core":"disabled"},"createTime":"2025-11-18T17:04:26.932832Z"}
[info] 
[info] === Serving from '/home/user/fisioterapia_domiciliar'...
[info] 
[debug] [2025-11-19T17:40:31.435Z] No OAuth tokens found
[debug] [2025-11-19T17:40:31.436Z] No OAuth tokens found
[debug] [2025-11-19T17:40:31.436Z] > command requires scopes: ["email","openid","https://www.googleapis.com/auth/cloudplatformprojects.readonly","https://www.googleapis.com/auth/firebase","https://www.googleapis.com/auth/cloud-platform","https://www.googleapis.com/auth/userinfo.email"]
[debug] [2025-11-19T17:40:31.436Z] > authorizing via signed-in user (acsasilveira.ti@gmail.com)
[debug] [2025-11-19T17:40:31.445Z] >>> [apiv2][query] GET https://firebasehosting.googleapis.com/v1beta1/projects/dra-gabriela-fisio/sites 
[debug] [2025-11-19T17:40:31.661Z] <<< [apiv2][status] GET https://firebasehosting.googleapis.com/v1beta1/projects/dra-gabriela-fisio/sites 200
[debug] [2025-11-19T17:40:31.664Z] <<< [apiv2][body] GET https://firebasehosting.googleapis.com/v1beta1/projects/dra-gabriela-fisio/sites {"sites":[{"name":"projects/dra-gabriela-fisio/sites/dra-gabriela-fisio","defaultUrl":"https://dra-gabriela-fisio.web.app","type":"DEFAULT_SITE"}]}
[debug] [2025-11-19T17:40:31.664Z] No OAuth tokens found
[debug] [2025-11-19T17:40:31.665Z] No OAuth tokens found
[debug] [2025-11-19T17:40:31.665Z] > command requires scopes: ["email","openid","https://www.googleapis.com/auth/cloudplatformprojects.readonly","https://www.googleapis.com/auth/firebase","https://www.googleapis.com/auth/cloud-platform","https://www.googleapis.com/auth/userinfo.email"]
[debug] [2025-11-19T17:40:31.665Z] > authorizing via signed-in user (acsasilveira.ti@gmail.com)
[debug] [2025-11-19T17:40:31.665Z] >>> [apiv2][query] GET https://firebase.googleapis.com/v1beta1/projects/dra-gabriela-fisio/webApps/-/config [none]
[debug] [2025-11-19T17:40:31.940Z] <<< [apiv2][status] GET https://firebase.googleapis.com/v1beta1/projects/dra-gabriela-fisio/webApps/-/config 200
[debug] [2025-11-19T17:40:31.943Z] <<< [apiv2][body] GET https://firebase.googleapis.com/v1beta1/projects/dra-gabriela-fisio/webApps/-/config {"projectId":"dra-gabriela-fisio","appId":"1:310192884196:web:27b11b2550342ed2115ff1","storageBucket":"dra-gabriela-fisio.firebasestorage.app","apiKey":"AIzaSyDrfuIWyDI4OrKPwOfA5Oxm0yAY9nNjLOc","authDomain":"dra-gabriela-fisio.firebaseapp.com","messagingSenderId":"310192884196","measurementId":"G-TQ69G0M1M9","projectNumber":"310192884196","version":"2"}
[debug] [2025-11-19T17:40:31.965Z] No OAuth tokens found
[debug] [2025-11-19T17:40:31.965Z] No OAuth tokens found
[debug] [2025-11-19T17:40:31.965Z] > command requires scopes: ["email","openid","https://www.googleapis.com/auth/cloudplatformprojects.readonly","https://www.googleapis.com/auth/firebase","https://www.googleapis.com/auth/cloud-platform","https://www.googleapis.com/auth/userinfo.email"]
[debug] [2025-11-19T17:40:31.965Z] > authorizing via signed-in user (acsasilveira.ti@gmail.com)
[debug] [2025-11-19T17:40:31.967Z] >>> [apiv2][query] GET https://firebase.googleapis.com/v1beta1/projects/dra-gabriela-fisio [none]
[debug] [2025-11-19T17:40:32.175Z] <<< [apiv2][status] GET https://firebase.googleapis.com/v1beta1/projects/dra-gabriela-fisio 200
[debug] [2025-11-19T17:40:32.178Z] <<< [apiv2][body] GET https://firebase.googleapis.com/v1beta1/projects/dra-gabriela-fisio {"projectId":"dra-gabriela-fisio","projectNumber":"310192884196","displayName":"Dra Gabriela Fisio","name":"projects/dra-gabriela-fisio","resources":{"hostingSite":"dra-gabriela-fisio"},"state":"ACTIVE","etag":"1_66065189-f5d0-453c-adcd-cdddea977a54"}
[info] i  hosting[dra-gabriela-fisio]: Serving hosting files from: public {"metadata":{"emulator":{"name":"hosting"},"message":"Serving hosting files from: \u001b[1mpublic\u001b[22m"}}
[info] ✔  hosting[dra-gabriela-fisio]: Local server: http://localhost:5000 {"metadata":{"emulator":{"name":"hosting"},"message":"Local server: \u001b[4m\u001b[1mhttp://localhost:5000\u001b[22m\u001b[24m"}}
[warn] ⚠  functions: Application Default Credentials detected. Non-emulated services will access production using these credentials. Be careful! {"metadata":{"emulator":{"name":"functions"},"message":"Application Default Credentials detected. Non-emulated services will access production using these credentials. Be careful!"}}
[debug] [2025-11-19T17:40:38.726Z] No OAuth tokens found
[debug] [2025-11-19T17:40:38.727Z] No OAuth tokens found
[debug] [2025-11-19T17:40:38.727Z] > command requires scopes: ["email","openid","https://www.googleapis.com/auth/cloudplatformprojects.readonly","https://www.googleapis.com/auth/firebase","https://www.googleapis.com/auth/cloud-platform","https://www.googleapis.com/auth/userinfo.email"]
[debug] [2025-11-19T17:40:38.727Z] > authorizing via signed-in user (acsasilveira.ti@gmail.com)
[debug] [2025-11-19T17:40:38.728Z] >>> [apiv2][query] GET https://firebase.googleapis.com/v1beta1/projects/dra-gabriela-fisio/adminSdkConfig [none]
[debug] [2025-11-19T17:40:39.029Z] <<< [apiv2][status] GET https://firebase.googleapis.com/v1beta1/projects/dra-gabriela-fisio/adminSdkConfig 200
[debug] [2025-11-19T17:40:39.030Z] <<< [apiv2][body] GET https://firebase.googleapis.com/v1beta1/projects/dra-gabriela-fisio/adminSdkConfig {"projectId":"dra-gabriela-fisio","storageBucket":"dra-gabriela-fisio.firebasestorage.app"}
[info] i  functions: Watching "/home/user/fisioterapia_domiciliar/functions" for Cloud Functions... {"metadata":{"emulator":{"name":"functions"},"message":"Watching \"/home/user/fisioterapia_domiciliar/functions\" for Cloud Functions..."}}
[debug] [2025-11-19T17:40:39.128Z] Validating nodejs source
[debug] [2025-11-19T17:40:40.697Z] > [functions] package.json contents: {
  "name": "functions",
  "description": "Cloud Functions for Firebase",
  "scripts": {
    "lint": "eslint .",
    "serve": "firebase emulators:start --only functions",
    "shell": "firebase functions:shell",
    "start": "npm run shell",
    "deploy": "firebase deploy --only functions",
    "logs": "firebase functions:log"
  },
  "engines": {
    "node": "20"
  },
  "main": "index.js",
  "dependencies": {
    "firebase-admin": "^13.6.0",
    "firebase-functions": "^7.0.0"
  },
  "devDependencies": {
    "eslint": "^8.15.0",
    "eslint-config-google": "^0.14.0",
    "firebase-functions-test": "^3.1.0"
  },
  "private": true
}
[debug] [2025-11-19T17:40:40.700Z] Building nodejs source
[debug] [2025-11-19T17:40:40.701Z] Failed to find version of module node: reached end of search path /home/user/fisioterapia_domiciliar/functions/node_modules
[info] ✔  functions: Using node@20 from host. 
[debug] [2025-11-19T17:40:40.717Z] Could not find functions.yaml. Must use http discovery
[debug] [2025-11-19T17:40:40.728Z] Found firebase-functions binary at '/home/user/fisioterapia_domiciliar/functions/node_modules/.bin/firebase-functions'
[info] Serving at port 8469

[debug] [2025-11-19T17:40:42.342Z] Got response from /__/functions.yaml {"endpoints":{},"specVersion":"v1alpha1","requiredAPIs":[],"extensions":{}}
[info] ✔  functions: Loaded functions definitions from source: . {"metadata":{"emulator":{"name":"functions"},"message":"Loaded functions definitions from source: ."}}
[debug] [2025-11-19T17:50:55.673Z] File /home/user/fisioterapia_domiciliar/functions/package.json changed, reloading triggers {"metadata":{"emulator":{"name":"functions"},"message":"File /home/user/fisioterapia_domiciliar/functions/package.json changed, reloading triggers"}}
[debug] [2025-11-19T17:50:56.677Z] Validating nodejs source
[debug] [2025-11-19T17:51:03.519Z] > [functions] package.json contents: {
  "name": "functions",
  "description": "Cloud Functions for Firebase",
  "scripts": {
    "lint": "eslint .",
    "serve": "firebase emulators:start --only functions",
    "shell": "firebase functions:shell",
    "start": "npm run shell",
    "deploy": "firebase deploy --only functions",
    "logs": "firebase functions:log"
  },
  "engines": {
    "node": "22"
  },
  "main": "index.js",
  "dependencies": {
    "firebase-admin": "^12.6.0",
    "firebase-functions": "^6.0.1"
  },
  "devDependencies": {
    "eslint": "^8.15.0",
    "eslint-config-google": "^0.14.0",
    "firebase-functions-test": "^3.1.0"
  },
  "private": true
}
[debug] [2025-11-19T17:51:03.519Z] Building nodejs source
[debug] [2025-11-19T17:51:03.520Z] Failed to find version of module node: reached end of search path /home/user/fisioterapia_domiciliar/functions/node_modules
[info] ✔  functions: Using node@20 from host. 
[debug] [2025-11-19T17:51:03.530Z] Could not find functions.yaml. Must use http discovery
[debug] [2025-11-19T17:51:03.544Z] Found firebase-functions binary at '/home/user/fisioterapia_domiciliar/functions/node_modules/.bin/firebase-functions'
[info] Serving at port 8190

[debug] [2025-11-19T17:51:04.816Z] Got response from /__/functions.yaml {"endpoints":{},"specVersion":"v1alpha1","requiredAPIs":[],"extensions":{}}
[info] ✔  functions: Loaded functions definitions from source: . {"metadata":{"emulator":{"name":"functions"},"message":"Loaded functions definitions from source: ."}}
[debug] [2025-11-19T17:52:05.402Z] File /home/user/fisioterapia_domiciliar/functions/package.json changed, reloading triggers {"metadata":{"emulator":{"name":"functions"},"message":"File /home/user/fisioterapia_domiciliar/functions/package.json changed, reloading triggers"}}
[debug] [2025-11-19T17:52:06.405Z] Validating nodejs source
[debug] [2025-11-19T17:52:07.749Z] > [functions] package.json contents: {
  "name": "functions",
  "description": "Cloud Functions for Firebase",
  "scripts": {
    "lint": "eslint .",
    "serve": "firebase emulators:start --only functions",
    "shell": "firebase functions:shell",
    "start": "npm run shell",
    "deploy": "firebase deploy --only functions",
    "logs": "firebase functions:log"
  },
  "engines": {
    "node": "20"
  },
  "main": "index.js",
  "dependencies": {
    "firebase-admin": "^13.6.0",
    "firebase-functions": "^7.0.0"
  },
  "devDependencies": {
    "eslint": "^8.15.0",
    "eslint-config-google": "^0.14.0",
    "firebase-functions-test": "^3.1.0"
  },
  "private": true
}
[debug] [2025-11-19T17:52:07.749Z] Building nodejs source
[debug] [2025-11-19T17:52:07.750Z] Failed to find version of module node: reached end of search path /home/user/fisioterapia_domiciliar/functions/node_modules
[info] ✔  functions: Using node@20 from host. 
[debug] [2025-11-19T17:52:07.757Z] Could not find functions.yaml. Must use http discovery
[debug] [2025-11-19T17:52:07.774Z] Found firebase-functions binary at '/home/user/fisioterapia_domiciliar/functions/node_modules/.bin/firebase-functions'
[info] Serving at port 8529

[debug] [2025-11-19T17:52:08.738Z] Got response from /__/functions.yaml {"endpoints":{},"specVersion":"v1alpha1","requiredAPIs":[],"extensions":{}}
[info] ✔  functions: Loaded functions definitions from source: . {"metadata":{"emulator":{"name":"functions"},"message":"Loaded functions definitions from source: ."}}
